<?xml version="1.0" encoding="UTF-8"?>
<!-- Generated by org.testng.reporters.JUnitXMLReporter -->
<testsuite hostname="jj-PC" ignored="0" name="用户管理系统测试用例" tests="7" failures="0" timestamp="31 三月 2019 13:12:25 GMT" time="14.064" errors="0">
  <testcase name="loginTrue" time="1.528" classname="com.course.cases.LoginTest"/>
  <testcase name="loginFalse" time="0.051" classname="com.course.cases.LoginTest"/>
  <testcase name="addUser" time="4.104" classname="com.course.cases.AddUserTest"/>
  <testcase name="getUserInfo" time="2.062" classname="com.course.cases.GetUserInfoTest"/>
  <testcase name="getUserInfoList" time="2.102" classname="com.course.cases.GetUserInfoListTest"/>
  <testcase name="deleteUser" time="2.053" classname="com.course.cases.UpdateUserInfoTest"/>
  <testcase name="updateUserInfo" time="2.067" classname="com.course.cases.UpdateUserInfoTest"/>
</testsuite> <!-- 用户管理系统测试用例 -->
