<?xml version="1.0" encoding="UTF-8"?>
<!-- Generated by org.testng.reporters.JUnitXMLReporter -->
<testsuite hostname="jj-PC" ignored="0" name="用户管理系统测试用例" tests="7" failures="0" timestamp="26 三月 2019 14:46:25 GMT" time="14.327" errors="0">
  <testcase name="loginTrue" time="1.654" classname="com.course.cases.LoginTest"/>
  <testcase name="loginFalse" time="0.05" classname="com.course.cases.LoginTest"/>
  <testcase name="addUser" time="4.166" classname="com.course.cases.AddUserTest"/>
  <testcase name="getUserInfo" time="2.066" classname="com.course.cases.GetUserInfoTest"/>
  <testcase name="getUserInfoList" time="2.148" classname="com.course.cases.GetUserInfoListTest"/>
  <testcase name="deleteUser" time="2.065" classname="com.course.cases.UpdateUserInfoTest"/>
  <testcase name="updateUserInfo" time="2.051" classname="com.course.cases.UpdateUserInfoTest"/>
</testsuite> <!-- 用户管理系统测试用例 -->
