<?xml version="1.0" encoding="UTF-8" ?>
<testsuite tests="7" failures="0" name="TestSuite" time="16.098" errors="0" skipped="0">
  <properties>
[...]
</properties>
  <testcase classname="com.course.cases.LoginTest" name="loginTrue" time="1.654"/>
  <testcase classname="com.course.cases.LoginTest" name="loginFalse" time="0.05"/>
  <testcase classname="com.course.cases.AddUserTest" name="addUser" time="4.166"/>
  <testcase classname="com.course.cases.GetUserInfoTest" name="getUserInfo" time="2.066"/>
  <testcase classname="com.course.cases.GetUserInfoListTest" name="getUserInfoList" time="2.148"/>
  <testcase classname="com.course.cases.UpdateUserInfoTest" name="deleteUser" time="2.065"/>
  <testcase classname="com.course.cases.UpdateUserInfoTest" name="updateUserInfo" time="2.05"/>
</testsuite>